<?xml version="1.0" encoding="UTF-8"?>
<!-- Generated by org.testng.reporters.JUnitReportReporter -->
<testsuite hostname="DESKTOP-EL1927U" failures="0" tests="1" name="com.spotify.oauth2.tests.PlaylistsTests" time="9.017" errors="0" timestamp="2023-08-02T23:35:26 IST" skipped="0">
  <testcase classname="com.spotify.oauth2.tests.PlaylistsTests" name="shouldBeAbleToCreatePlayListRestResourceAdvanced" time="9.017"/>
  <system-out/>
</testsuite> <!-- com.spotify.oauth2.tests.PlaylistsTests -->
