<?xml version="1.0" encoding="UTF-8"?>
<!-- Generated by org.testng.reporters.JUnitReportReporter -->
<testsuite hostname="DESKTOP-EL1927U" failures="0" tests="1" name="spotify.oauth2.tests.PlaylistsTests" time="3.701" errors="0" timestamp="2023-06-19T23:53:17 IST" skipped="0">
  <testcase classname="spotify.oauth2.tests.PlaylistsTests" name="shouldNotBeAbleToCreatePlayListWithInvalidToken" time="3.701"/>
  <system-out/>
</testsuite> <!-- spotify.oauth2.tests.PlaylistsTests -->
