<?xml version="1.0" encoding="UTF-8"?>
<!-- Generated by org.testng.reporters.JUnitReportReporter -->
<testsuite hostname="DESKTOP-EL1927U" failures="0" tests="1" name="com.spotify.oauth2.tests.PlaylistsTestsAfterCreatingPojoClassButWithoutBuilderPattern" time="5.676" errors="0" timestamp="2023-07-06T12:17:47 IST" skipped="0">
  <testcase classname="com.spotify.oauth2.tests.PlaylistsTestsAfterCreatingPojoClassButWithoutBuilderPattern" name="shouldBeAbleToCreatePlayList" time="5.676"/>
  <system-out/>
</testsuite> <!-- com.spotify.oauth2.tests.PlaylistsTestsAfterCreatingPojoClassButWithoutBuilderPattern -->
